<?xml version="1.0" encoding="UTF-8"?>
<coverage generated="1744534082695" clover="3.2.0">
  <project timestamp="1744534082695" name="All files">
    <metrics statements="28" coveredstatements="28" conditionals="14" coveredconditionals="14" methods="10" coveredmethods="10" elements="52" coveredelements="52" complexity="0" loc="28" ncloc="28" packages="2" files="3" classes="3"/>
    <package name="models">
      <metrics statements="12" coveredstatements="12" conditionals="12" coveredconditionals="12" methods="6" coveredmethods="6"/>
      <file name="Parameters.ts" path="/Users/spro/Documents/fxh/src/models/Parameters.ts">
        <metrics statements="12" coveredstatements="12" conditionals="12" coveredconditionals="12" methods="6" coveredmethods="6"/>
        <line num="96" count="2" type="stmt"/>
        <line num="101" count="5" type="stmt"/>
        <line num="109" count="2" type="stmt"/>
        <line num="114" count="1" type="stmt"/>
        <line num="123" count="2" type="stmt"/>
        <line num="128" count="1" type="stmt"/>
        <line num="137" count="2" type="stmt"/>
        <line num="142" count="1" type="stmt"/>
        <line num="151" count="2" type="stmt"/>
        <line num="155" count="1" type="stmt"/>
        <line num="163" count="2" type="stmt"/>
        <line num="167" count="1" type="stmt"/>
      </file>
    </package>
    <package name="services">
      <metrics statements="16" coveredstatements="16" conditionals="2" coveredconditionals="2" methods="4" coveredmethods="4"/>
      <file name="ColorService.ts" path="/Users/spro/Documents/fxh/src/services/ColorService.ts">
        <metrics statements="4" coveredstatements="4" conditionals="2" coveredconditionals="2" methods="1" coveredmethods="1"/>
        <line num="22" count="1" type="stmt"/>
        <line num="30" count="8" type="cond" truecount="2" falsecount="0"/>
        <line num="35" count="1" type="stmt"/>
        <line num="36" count="1" type="stmt"/>
      </file>
      <file name="ParamService.ts" path="/Users/spro/Documents/fxh/src/services/ParamService.ts">
        <metrics statements="12" coveredstatements="12" conditionals="0" coveredconditionals="0" methods="3" coveredmethods="3"/>
        <line num="35" count="1" type="stmt"/>
        <line num="36" count="4" type="stmt"/>
        <line num="43" count="2" type="stmt"/>
        <line num="44" count="2" type="stmt"/>
        <line num="45" count="2" type="stmt"/>
        <line num="53" count="1" type="stmt"/>
        <line num="61" count="1" type="stmt"/>
        <line num="63" count="1" type="stmt"/>
        <line num="64" count="2" type="stmt"/>
        <line num="67" count="1" type="stmt"/>
        <line num="72" count="1" type="stmt"/>
        <line num="73" count="1" type="stmt"/>
      </file>
    </package>
  </project>
</coverage>
