{"/Users/spro/Documents/fxh/src/models/Parameters.ts": {"path":"/Users/spro/Documents/fxh/src/models/Parameters.ts","statementMap":{"0":{"start":{"line":96,"column":37},"end":{"line":107,"column":2}},"1":{"start":{"line":101,"column":24},"end":{"line":107,"column":2}},"2":{"start":{"line":96,"column":13},"end":{"line":96,"column":37}},"3":{"start":{"line":109,"column":37},"end":{"line":121,"column":2}},"4":{"start":{"line":114,"column":24},"end":{"line":121,"column":2}},"5":{"start":{"line":109,"column":13},"end":{"line":109,"column":37}},"6":{"start":{"line":123,"column":37},"end":{"line":135,"column":2}},"7":{"start":{"line":128,"column":24},"end":{"line":135,"column":2}},"8":{"start":{"line":123,"column":13},"end":{"line":123,"column":37}},"9":{"start":{"line":137,"column":37},"end":{"line":149,"column":2}},"10":{"start":{"line":142,"column":24},"end":{"line":149,"column":2}},"11":{"start":{"line":137,"column":13},"end":{"line":137,"column":37}},"12":{"start":{"line":151,"column":36},"end":{"line":161,"column":2}},"13":{"start":{"line":155,"column":23},"end":{"line":161,"column":2}},"14":{"start":{"line":151,"column":13},"end":{"line":151,"column":36}},"15":{"start":{"line":163,"column":38},"end":{"line":173,"column":2}},"16":{"start":{"line":167,"column":25},"end":{"line":173,"column":2}},"17":{"start":{"line":163,"column":13},"end":{"line":163,"column":38}}},"fnMap":{"0":{"name":"(anonymous_0)","decl":{"start":{"line":96,"column":37},"end":{"line":96,"column":null}},"loc":{"start":{"line":101,"column":24},"end":{"line":107,"column":2}}},"1":{"name":"(anonymous_1)","decl":{"start":{"line":109,"column":37},"end":{"line":109,"column":null}},"loc":{"start":{"line":114,"column":24},"end":{"line":121,"column":2}}},"2":{"name":"(anonymous_2)","decl":{"start":{"line":123,"column":37},"end":{"line":123,"column":null}},"loc":{"start":{"line":128,"column":24},"end":{"line":135,"column":2}}},"3":{"name":"(anonymous_3)","decl":{"start":{"line":137,"column":37},"end":{"line":137,"column":null}},"loc":{"start":{"line":142,"column":24},"end":{"line":149,"column":2}}},"4":{"name":"(anonymous_4)","decl":{"start":{"line":151,"column":36},"end":{"line":151,"column":null}},"loc":{"start":{"line":155,"column":23},"end":{"line":161,"column":2}}},"5":{"name":"(anonymous_5)","decl":{"start":{"line":163,"column":38},"end":{"line":163,"column":null}},"loc":{"start":{"line":167,"column":25},"end":{"line":173,"column":2}}}},"branchMap":{"0":{"loc":{"start":{"line":106,"column":6},"end":{"line":106,"column":61}},"type":"binary-expr","locations":[{"start":{"line":106,"column":6},"end":{"line":106,"column":32}},{"start":{"line":106,"column":36},"end":{"line":106,"column":61}}]},"1":{"loc":{"start":{"line":120,"column":6},"end":{"line":120,"column":61}},"type":"binary-expr","locations":[{"start":{"line":120,"column":6},"end":{"line":120,"column":32}},{"start":{"line":120,"column":36},"end":{"line":120,"column":61}}]},"2":{"loc":{"start":{"line":134,"column":6},"end":{"line":134,"column":61}},"type":"binary-expr","locations":[{"start":{"line":134,"column":6},"end":{"line":134,"column":32}},{"start":{"line":134,"column":36},"end":{"line":134,"column":61}}]},"3":{"loc":{"start":{"line":148,"column":6},"end":{"line":148,"column":61}},"type":"binary-expr","locations":[{"start":{"line":148,"column":6},"end":{"line":148,"column":32}},{"start":{"line":148,"column":36},"end":{"line":148,"column":61}}]},"4":{"loc":{"start":{"line":160,"column":6},"end":{"line":160,"column":61}},"type":"binary-expr","locations":[{"start":{"line":160,"column":6},"end":{"line":160,"column":32}},{"start":{"line":160,"column":36},"end":{"line":160,"column":61}}]},"5":{"loc":{"start":{"line":172,"column":6},"end":{"line":172,"column":61}},"type":"binary-expr","locations":[{"start":{"line":172,"column":6},"end":{"line":172,"column":32}},{"start":{"line":172,"column":36},"end":{"line":172,"column":61}}]}},"s":{"0":2,"1":5,"2":2,"3":2,"4":1,"5":2,"6":2,"7":1,"8":2,"9":2,"10":1,"11":2,"12":2,"13":1,"14":2,"15":2,"16":1,"17":2},"f":{"0":5,"1":1,"2":1,"3":1,"4":1,"5":1},"b":{"0":[5,2],"1":[1,1],"2":[1,1],"3":[1,1],"4":[1,1],"5":[1,1]}}
,"/Users/spro/Documents/fxh/src/services/ColorService.ts": {"path":"/Users/spro/Documents/fxh/src/services/ColorService.ts","statementMap":{"0":{"start":{"line":30,"column":4},"end":{"line":30,"column":89}},"1":{"start":{"line":22,"column":0},"end":{"line":22,"column":13}},"2":{"start":{"line":35,"column":21},"end":{"line":35,"column":39}},"3":{"start":{"line":36,"column":0},"end":{"line":36,"column":28}}},"fnMap":{"0":{"name":"(anonymous_0)","decl":{"start":{"line":28,"column":9},"end":{"line":28,"column":29}},"loc":{"start":{"line":28,"column":53},"end":{"line":31,"column":3}}}},"branchMap":{"0":{"loc":{"start":{"line":30,"column":11},"end":{"line":30,"column":88}},"type":"cond-expr","locations":[{"start":{"line":30,"column":67},"end":{"line":30,"column":76}},{"start":{"line":30,"column":79},"end":{"line":30,"column":88}}]}},"s":{"0":8,"1":1,"2":1,"3":1},"f":{"0":8},"b":{"0":[4,4]}}
,"/Users/spro/Documents/fxh/src/services/ParamService.ts": {"path":"/Users/spro/Documents/fxh/src/services/ParamService.ts","statementMap":{"0":{"start":{"line":36,"column":47},"end":{"line":36,"column":49}},"1":{"start":{"line":43,"column":4},"end":{"line":43,"column":27}},"2":{"start":{"line":44,"column":4},"end":{"line":44,"column":32}},"3":{"start":{"line":45,"column":4},"end":{"line":45,"column":30}},"4":{"start":{"line":53,"column":4},"end":{"line":53,"column":34}},"5":{"start":{"line":61,"column":50},"end":{"line":61,"column":52}},"6":{"start":{"line":63,"column":4},"end":{"line":65,"column":5}},"7":{"start":{"line":64,"column":6},"end":{"line":64,"column":76}},"8":{"start":{"line":67,"column":4},"end":{"line":67,"column":24}},"9":{"start":{"line":35,"column":0},"end":{"line":35,"column":13}},"10":{"start":{"line":72,"column":21},"end":{"line":72,"column":39}},"11":{"start":{"line":73,"column":0},"end":{"line":73,"column":28}}},"fnMap":{"0":{"name":"(anonymous_0)","decl":{"start":{"line":42,"column":9},"end":{"line":42,"column":21}},"loc":{"start":{"line":42,"column":47},"end":{"line":46,"column":3}}},"1":{"name":"(anonymous_1)","decl":{"start":{"line":52,"column":9},"end":{"line":52,"column":23}},"loc":{"start":{"line":52,"column":57},"end":{"line":54,"column":3}}},"2":{"name":"(anonymous_2)","decl":{"start":{"line":60,"column":9},"end":{"line":60,"column":24}},"loc":{"start":{"line":60,"column":24},"end":{"line":68,"column":3}}}},"branchMap":{},"s":{"0":4,"1":2,"2":2,"3":2,"4":1,"5":1,"6":1,"7":2,"8":1,"9":1,"10":1,"11":1},"f":{"0":2,"1":1,"2":1},"b":{}}
}
