TN:
SF:src/models/Parameters.ts
FN:96,(anonymous_0)
FN:109,(anonymous_1)
FN:123,(anonymous_2)
FN:137,(anonymous_3)
FN:151,(anonymous_4)
FN:163,(anonymous_5)
FNF:6
FNH:6
FNDA:5,(anonymous_0)
FNDA:1,(anonymous_1)
FNDA:1,(anonymous_2)
FNDA:1,(anonymous_3)
FNDA:1,(anonymous_4)
FNDA:1,(anonymous_5)
DA:96,2
DA:101,5
DA:109,2
DA:114,1
DA:123,2
DA:128,1
DA:137,2
DA:142,1
DA:151,2
DA:155,1
DA:163,2
DA:167,1
LF:12
LH:12
BRDA:106,0,0,5
BRDA:106,0,1,2
BRDA:120,1,0,1
BRDA:120,1,1,1
BRDA:134,2,0,1
BRDA:134,2,1,1
BRDA:148,3,0,1
BRDA:148,3,1,1
BRDA:160,4,0,1
BRDA:160,4,1,1
BRDA:172,5,0,1
BRDA:172,5,1,1
BRF:12
BRH:12
end_of_record
TN:
SF:src/services/ColorService.ts
FN:28,(anonymous_0)
FNF:1
FNH:1
FNDA:8,(anonymous_0)
DA:22,1
DA:30,8
DA:35,1
DA:36,1
LF:4
LH:4
BRDA:30,0,0,4
BRDA:30,0,1,4
BRF:2
BRH:2
end_of_record
TN:
SF:src/services/ParamService.ts
FN:42,(anonymous_0)
FN:52,(anonymous_1)
FN:60,(anonymous_2)
FNF:3
FNH:3
FNDA:2,(anonymous_0)
FNDA:1,(anonymous_1)
FNDA:1,(anonymous_2)
DA:35,1
DA:36,4
DA:43,2
DA:44,2
DA:45,2
DA:53,1
DA:61,1
DA:63,1
DA:64,2
DA:67,1
DA:72,1
DA:73,1
LF:12
LH:12
BRF:0
BRH:0
end_of_record
